{
  "stats": {
    "suites": 1,
    "tests": 2,
    "passes": 2,
    "pending": 0,
    "failures": 0,
    "start": "2024-04-27T03:43:23.343Z",
    "end": "2024-04-27T03:43:23.849Z",
    "duration": 506,
    "testsRegistered": 2,
    "passPercent": 100,
    "pendingPercent": 0,
    "other": 0,
    "hasOther": false,
    "skipped": 0,
    "hasSkipped": false
  },
  "results": [
    {
      "uuid": "ecd09e57-67de-492d-a509-76526add522b",
      "title": "",
      "fullFile": "cypress/e2e/login.cy.ts",
      "file": "cypress/e2e/login.cy.ts",
      "beforeHooks": [],
      "afterHooks": [],
      "tests": [],
      "suites": [
        {
          "uuid": "4d764bde-6043-4b50-b0fe-08974aa59c3a",
          "title": "ReqRes API Login endpoints",
          "fullFile": "",
          "file": "",
          "beforeHooks": [],
          "afterHooks": [],
          "tests": [
            {
              "title": "POST to /login with valid data should return status 200 and the login token",
              "fullTitle": "ReqRes API Login endpoints POST to /login with valid data should return status 200 and the login token",
              "timedOut": null,
              "duration": 249,
              "state": "passed",
              "speed": "fast",
              "pass": true,
              "fail": false,
              "pending": false,
              "context": null,
              "code": "// Arrange\nconst requestBody = {\n    email: 'eve.holt@reqres.in',\n    password: 'pistol',\n};\nconst expectedResponse = {\n    token: 'QpwL5tke4Pnpja7X4',\n};\n// Act\nrequests.postLogin(requestBody).should((response) => {\n    // Assert\n    expect(response.status).to.equal(200);\n    expect(response.headers[constants_1.headers.contentType]).to.equal(constants_1.jsonContentType);\n    expect(response.body).to.deep.equal(expectedResponse);\n});",
              "err": {},
              "uuid": "19832f05-dac5-4f97-a59f-53db4defa5cd",
              "parentUUID": "4d764bde-6043-4b50-b0fe-08974aa59c3a",
              "isHook": false,
              "skipped": false
            },
            {
              "title": "POST to /login with missing password should return status 400 and the validation error",
              "fullTitle": "ReqRes API Login endpoints POST to /login with missing password should return status 400 and the validation error",
              "timedOut": null,
              "duration": 208,
              "state": "passed",
              "speed": "fast",
              "pass": true,
              "fail": false,
              "pending": false,
              "context": null,
              "code": "// Arrange\nconst requestBody = {\n    email: 'peter@klaven',\n};\nconst expectedResponse = {\n    error: constants_1.missingPassword,\n};\n// Act\nrequests.postLogin(requestBody).should((response) => {\n    // Assert\n    expect(response.status).to.equal(400);\n    expect(response.headers[constants_1.headers.contentType]).to.equal(constants_1.jsonContentType);\n    expect(response.body).to.deep.equal(expectedResponse);\n});",
              "err": {},
              "uuid": "cddbd808-d971-467b-9e9e-ce7c7b8e73bf",
              "parentUUID": "4d764bde-6043-4b50-b0fe-08974aa59c3a",
              "isHook": false,
              "skipped": false
            }
          ],
          "suites": [],
          "passes": [
            "19832f05-dac5-4f97-a59f-53db4defa5cd",
            "cddbd808-d971-467b-9e9e-ce7c7b8e73bf"
          ],
          "failures": [],
          "pending": [],
          "skipped": [],
          "duration": 457,
          "root": false,
          "rootEmpty": false,
          "_timeout": 2000
        }
      ],
      "passes": [],
      "failures": [],
      "pending": [],
      "skipped": [],
      "duration": 0,
      "root": true,
      "rootEmpty": true,
      "_timeout": 2000
    }
  ],
  "meta": {
    "mocha": {
      "version": "7.0.1"
    },
    "mochawesome": {
      "options": {
        "quiet": false,
        "reportFilename": "mochawesome",
        "saveHtml": false,
        "saveJson": true,
        "consoleReporter": "spec",
        "useInlineDiffs": false,
        "code": true
      },
      "version": "7.1.3"
    },
    "marge": {
      "options": {
        "reportDir": "reports/json",
        "overwrite": false,
        "html": false,
        "json": true
      },
      "version": "6.2.0"
    }
  }
}